<?xml version="1.0" encoding="UTF-8"?>
<!-- Generated by org.testng.reporters.JUnitReportReporter -->
<testsuite hostname="POOJAKS" failures="0" tests="1" name="test_Scripts.FacebookLogin" time="13.777" errors="0" timestamp="2023-10-20T10:18:08 IST" skipped="0">
  <testcase classname="test_Scripts.FacebookLogin" name="Test1" time="13.777"/>
</testsuite> <!-- test_Scripts.FacebookLogin -->
