<?xml version="1.0" encoding="UTF-8"?>
<!-- Generated by org.testng.reporters.JUnitReportReporter -->
<testsuite hostname="POOJAKS" failures="0" tests="1" name="test_Scripts.IncognitoLaunch" time="3.912" errors="0" timestamp="2023-10-20T09:37:58 IST" skipped="0">
  <testcase classname="test_Scripts.IncognitoLaunch" name="test1" time="3.912"/>
</testsuite> <!-- test_Scripts.IncognitoLaunch -->
