<?xml version="1.0" encoding="UTF-8"?>
<!-- Generated by org.testng.reporters.JUnitReportReporter -->
<testsuite hostname="POOJAKS" failures="0" tests="1" name="test_Scripts.MultiDataWrite" time="19.759" errors="0" timestamp="2023-10-20T14:41:09 IST" skipped="0">
  <testcase classname="test_Scripts.MultiDataWrite" name="writedata" time="19.759"/>
</testsuite> <!-- test_Scripts.MultiDataWrite -->
